  [1m[35m (3455.9ms)[0m  [1m[35mCREATE DATABASE "e-schop_development" ENCODING = 'unicode'[0m
  ↳ C:/Ruby25-x64/bin/rake:23
  [1m[35m (1802.2ms)[0m  [1m[35mCREATE DATABASE "e-schop_test" ENCODING = 'unicode'[0m
  ↳ C:/Ruby25-x64/bin/rake:23
  [1m[35m (143.5ms)[0m  [1m[35mCREATE TABLE "schema_migrations" ("version" character varying NOT NULL PRIMARY KEY)[0m
  ↳ C:/Ruby25-x64/bin/rake:23
  [1m[35m (18.9ms)[0m  [1m[35mCREATE TABLE "ar_internal_metadata" ("key" character varying NOT NULL PRIMARY KEY, "value" character varying, "created_at" timestamp NOT NULL, "updated_at" timestamp NOT NULL)[0m
  ↳ C:/Ruby25-x64/bin/rake:23
  [1m[35m (0.6ms)[0m  [1m[34mSELECT pg_try_advisory_lock(514700798867156580)[0m
  ↳ C:/Ruby25-x64/bin/rake:23
  [1m[35m (0.6ms)[0m  [1m[34mSELECT "schema_migrations"."version" FROM "schema_migrations" ORDER BY "schema_migrations"."version" ASC[0m
  ↳ C:/Ruby25-x64/bin/rake:23
Migrating to CreateUsers (20190410092244)
  [1m[35m (0.3ms)[0m  [1m[35mBEGIN[0m
  ↳ C:/Ruby25-x64/bin/rake:23
  [1m[35m (5.4ms)[0m  [1m[35mCREATE TABLE "users" ("id" bigserial primary key, "username" character varying, "password" password, "roomnumber" integer, "created_at" timestamp NOT NULL, "updated_at" timestamp NOT NULL)[0m
  ↳ db/migrate/20190410092244_create_users.rb:3
  [1m[35m (0.2ms)[0m  [1m[31mROLLBACK[0m
  ↳ C:/Ruby25-x64/bin/rake:23
  [1m[35m (0.3ms)[0m  [1m[34mSELECT pg_advisory_unlock(514700798867156580)[0m
  ↳ C:/Ruby25-x64/bin/rake:23
  [1m[35m (0.3ms)[0m  [1m[34mSELECT pg_try_advisory_lock(514700798867156580)[0m
  ↳ C:/Ruby25-x64/bin/rake:23
  [1m[35m (0.6ms)[0m  [1m[34mSELECT "schema_migrations"."version" FROM "schema_migrations" ORDER BY "schema_migrations"."version" ASC[0m
  ↳ C:/Ruby25-x64/bin/rake:23
Migrating to CreateUsers (20190410092244)
  [1m[35m (0.3ms)[0m  [1m[35mBEGIN[0m
  ↳ C:/Ruby25-x64/bin/rake:23
  [1m[35m (27.3ms)[0m  [1m[35mCREATE TABLE "users" ("id" bigserial primary key, "username" character varying, "password" character varying, "roomnumber" integer, "created_at" timestamp NOT NULL, "updated_at" timestamp NOT NULL)[0m
  ↳ db/migrate/20190410092244_create_users.rb:3
  [1m[36mActiveRecord::SchemaMigration Create (1.4ms)[0m  [1m[32mINSERT INTO "schema_migrations" ("version") VALUES ($1) RETURNING "version"[0m  [["version", "20190410092244"]]
  ↳ C:/Ruby25-x64/bin/rake:23
  [1m[35m (4.3ms)[0m  [1m[35mCOMMIT[0m
  ↳ C:/Ruby25-x64/bin/rake:23
Migrating to CreateGoods (20190410092300)
  [1m[35m (5.3ms)[0m  [1m[35mBEGIN[0m
  ↳ C:/Ruby25-x64/bin/rake:23
  [1m[35m (23.2ms)[0m  [1m[35mCREATE TABLE "goods" ("id" bigserial primary key, "name" character varying, "price" integer, "description" text, "category" character varying, "seller_id" integer, "buyer_id" integer, "created_at" timestamp NOT NULL, "updated_at" timestamp NOT NULL)[0m
  ↳ db/migrate/20190410092300_create_goods.rb:3
  [1m[36mActiveRecord::SchemaMigration Create (0.4ms)[0m  [1m[32mINSERT INTO "schema_migrations" ("version") VALUES ($1) RETURNING "version"[0m  [["version", "20190410092300"]]
  ↳ C:/Ruby25-x64/bin/rake:23
  [1m[35m (0.4ms)[0m  [1m[35mCOMMIT[0m
  ↳ C:/Ruby25-x64/bin/rake:23
  [1m[36mActiveRecord::InternalMetadata Load (0.5ms)[0m  [1m[34mSELECT  "ar_internal_metadata".* FROM "ar_internal_metadata" WHERE "ar_internal_metadata"."key" = $1 LIMIT $2[0m  [["key", "environment"], ["LIMIT", 1]]
  ↳ C:/Ruby25-x64/bin/rake:23
  [1m[35m (0.2ms)[0m  [1m[35mBEGIN[0m
  ↳ C:/Ruby25-x64/bin/rake:23
  [1m[36mActiveRecord::InternalMetadata Create (1.0ms)[0m  [1m[32mINSERT INTO "ar_internal_metadata" ("key", "value", "created_at", "updated_at") VALUES ($1, $2, $3, $4) RETURNING "key"[0m  [["key", "environment"], ["value", "development"], ["created_at", "2019-04-10 09:43:12.402780"], ["updated_at", "2019-04-10 09:43:12.402780"]]
  ↳ C:/Ruby25-x64/bin/rake:23
  [1m[35m (0.4ms)[0m  [1m[35mCOMMIT[0m
  ↳ C:/Ruby25-x64/bin/rake:23
  [1m[35m (0.3ms)[0m  [1m[34mSELECT pg_advisory_unlock(514700798867156580)[0m
  ↳ C:/Ruby25-x64/bin/rake:23
  [1m[35m (0.3ms)[0m  [1m[34mSELECT "schema_migrations"."version" FROM "schema_migrations" ORDER BY "schema_migrations"."version" ASC[0m
  ↳ C:/Ruby25-x64/bin/rake:23
Started GET "/" for ::1 at 2019-04-10 12:04:40 +0200
  [1m[35m (1.0ms)[0m  [1m[34mSELECT "schema_migrations"."version" FROM "schema_migrations" ORDER BY "schema_migrations"."version" ASC[0m
  ↳ C:/Ruby25-x64/lib/ruby/gems/2.5.0/gems/activerecord-5.2.3/lib/active_record/log_subscriber.rb:98
Processing by Rails::WelcomeController#index as HTML
  Rendering C:/Ruby25-x64/lib/ruby/gems/2.5.0/gems/railties-5.2.3/lib/rails/templates/rails/welcome/index.html.erb
  Rendered C:/Ruby25-x64/lib/ruby/gems/2.5.0/gems/railties-5.2.3/lib/rails/templates/rails/welcome/index.html.erb (7.8ms)
Completed 200 OK in 100ms (Views: 53.5ms | ActiveRecord: 0.0ms)


  [1m[35m (0.8ms)[0m  [1m[34mSELECT pg_try_advisory_lock(514700798867156580)[0m
  ↳ C:/Ruby25-x64/bin/rake:23
  [1m[35m (0.6ms)[0m  [1m[34mSELECT "schema_migrations"."version" FROM "schema_migrations" ORDER BY "schema_migrations"."version" ASC[0m
  ↳ C:/Ruby25-x64/bin/rake:23
Migrating to CreateCategories (20190410100706)
  [1m[35m (0.3ms)[0m  [1m[35mBEGIN[0m
  ↳ C:/Ruby25-x64/bin/rake:23
  [1m[35m (82.4ms)[0m  [1m[35mCREATE TABLE "categories" ("id" bigserial primary key, "name" character varying, "created_at" timestamp NOT NULL, "updated_at" timestamp NOT NULL)[0m
  ↳ db/migrate/20190410100706_create_categories.rb:3
  [1m[36mCategory Create (1.5ms)[0m  [1m[32mINSERT INTO "categories" ("name", "created_at", "updated_at") VALUES ($1, $2, $3) RETURNING "id"[0m  [["name", "Kaja"], ["created_at", "2019-04-10 10:10:34.290614"], ["updated_at", "2019-04-10 10:10:34.290614"]]
  ↳ db/migrate/20190410100706_create_categories.rb:7
  [1m[36mCategory Create (0.3ms)[0m  [1m[32mINSERT INTO "categories" ("name", "created_at", "updated_at") VALUES ($1, $2, $3) RETURNING "id"[0m  [["name", "Ital"], ["created_at", "2019-04-10 10:10:34.293822"], ["updated_at", "2019-04-10 10:10:34.293822"]]
  ↳ db/migrate/20190410100706_create_categories.rb:8
  [1m[36mCategory Create (0.3ms)[0m  [1m[32mINSERT INTO "categories" ("name", "created_at", "updated_at") VALUES ($1, $2, $3) RETURNING "id"[0m  [["name", "Stb"], ["created_at", "2019-04-10 10:10:34.295071"], ["updated_at", "2019-04-10 10:10:34.295071"]]
  ↳ db/migrate/20190410100706_create_categories.rb:9
  [1m[36mActiveRecord::SchemaMigration Create (0.6ms)[0m  [1m[32mINSERT INTO "schema_migrations" ("version") VALUES ($1) RETURNING "version"[0m  [["version", "20190410100706"]]
  ↳ C:/Ruby25-x64/bin/rake:23
  [1m[35m (4.9ms)[0m  [1m[35mCOMMIT[0m
  ↳ C:/Ruby25-x64/bin/rake:23
  [1m[36mActiveRecord::InternalMetadata Load (7.4ms)[0m  [1m[34mSELECT  "ar_internal_metadata".* FROM "ar_internal_metadata" WHERE "ar_internal_metadata"."key" = $1 LIMIT $2[0m  [["key", "environment"], ["LIMIT", 1]]
  ↳ C:/Ruby25-x64/bin/rake:23
  [1m[35m (0.2ms)[0m  [1m[35mBEGIN[0m
  ↳ C:/Ruby25-x64/bin/rake:23
  [1m[35m (0.3ms)[0m  [1m[35mCOMMIT[0m
  ↳ C:/Ruby25-x64/bin/rake:23
  [1m[35m (0.3ms)[0m  [1m[34mSELECT pg_advisory_unlock(514700798867156580)[0m
  ↳ C:/Ruby25-x64/bin/rake:23
  [1m[35m (0.3ms)[0m  [1m[34mSELECT "schema_migrations"."version" FROM "schema_migrations" ORDER BY "schema_migrations"."version" ASC[0m
  ↳ C:/Ruby25-x64/bin/rake:23
  [1m[35m (8.8ms)[0m  [1m[34mSELECT "schema_migrations"."version" FROM "schema_migrations" ORDER BY "schema_migrations"."version" ASC[0m
  ↳ C:/Ruby25-x64/bin/rake:23
  [1m[35m (4.9ms)[0m  [1m[34mSELECT "ar_internal_metadata"."value" FROM "ar_internal_metadata" WHERE "ar_internal_metadata"."key" = $1[0m  [["key", "environment"]]
  ↳ C:/Ruby25-x64/bin/rake:23
  [1m[35m (0.3ms)[0m  [1m[34mSELECT "schema_migrations"."version" FROM "schema_migrations" ORDER BY "schema_migrations"."version" ASC[0m
  ↳ C:/Ruby25-x64/bin/rake:23
  [1m[35m (0.3ms)[0m  [1m[34mSELECT "ar_internal_metadata"."value" FROM "ar_internal_metadata" WHERE "ar_internal_metadata"."key" = $1[0m  [["key", "environment"]]
  ↳ C:/Ruby25-x64/bin/rake:23
  [1m[35m (0.3ms)[0m  [1m[34mSELECT "schema_migrations"."version" FROM "schema_migrations" ORDER BY "schema_migrations"."version" ASC[0m
  ↳ C:/Ruby25-x64/bin/rake:23
  [1m[35m (0.3ms)[0m  [1m[34mSELECT "ar_internal_metadata"."value" FROM "ar_internal_metadata" WHERE "ar_internal_metadata"."key" = $1[0m  [["key", "environment"]]
  ↳ C:/Ruby25-x64/bin/rake:23
  [1m[35m (5395.4ms)[0m  [1m[35mDROP DATABASE IF EXISTS "e-schop_development"[0m
  ↳ C:/Ruby25-x64/bin/rake:23
  [1m[35m (0.6ms)[0m  [1m[34mSELECT "schema_migrations"."version" FROM "schema_migrations" ORDER BY "schema_migrations"."version" ASC[0m
  ↳ C:/Ruby25-x64/bin/rake:23
  [1m[35m (0.4ms)[0m  [1m[34mSELECT "ar_internal_metadata"."value" FROM "ar_internal_metadata" WHERE "ar_internal_metadata"."key" = $1[0m  [["key", "environment"]]
  ↳ C:/Ruby25-x64/bin/rake:23
  [1m[35m (0.3ms)[0m  [1m[34mSELECT "schema_migrations"."version" FROM "schema_migrations" ORDER BY "schema_migrations"."version" ASC[0m
  ↳ C:/Ruby25-x64/bin/rake:23
  [1m[35m (0.2ms)[0m  [1m[34mSELECT "ar_internal_metadata"."value" FROM "ar_internal_metadata" WHERE "ar_internal_metadata"."key" = $1[0m  [["key", "environment"]]
  ↳ C:/Ruby25-x64/bin/rake:23
  [1m[35m (0.3ms)[0m  [1m[34mSELECT "schema_migrations"."version" FROM "schema_migrations" ORDER BY "schema_migrations"."version" ASC[0m
  ↳ C:/Ruby25-x64/bin/rake:23
  [1m[35m (0.2ms)[0m  [1m[34mSELECT "ar_internal_metadata"."value" FROM "ar_internal_metadata" WHERE "ar_internal_metadata"."key" = $1[0m  [["key", "environment"]]
  ↳ C:/Ruby25-x64/bin/rake:23
  [1m[35m (5304.5ms)[0m  [1m[35mDROP DATABASE IF EXISTS "e-schop_development"[0m
  ↳ C:/Ruby25-x64/bin/rake:23
  [1m[35m (0.3ms)[0m  [1m[34mSELECT pg_try_advisory_lock(514700798867156580)[0m
  ↳ C:/Ruby25-x64/bin/rake:23
  [1m[35m (0.6ms)[0m  [1m[34mSELECT "schema_migrations"."version" FROM "schema_migrations" ORDER BY "schema_migrations"."version" ASC[0m
  ↳ C:/Ruby25-x64/bin/rake:23
  [1m[36mActiveRecord::InternalMetadata Load (0.4ms)[0m  [1m[34mSELECT  "ar_internal_metadata".* FROM "ar_internal_metadata" WHERE "ar_internal_metadata"."key" = $1 LIMIT $2[0m  [["key", "environment"], ["LIMIT", 1]]
  ↳ C:/Ruby25-x64/bin/rake:23
  [1m[35m (0.2ms)[0m  [1m[35mBEGIN[0m
  ↳ C:/Ruby25-x64/bin/rake:23
  [1m[35m (0.2ms)[0m  [1m[35mCOMMIT[0m
  ↳ C:/Ruby25-x64/bin/rake:23
  [1m[35m (0.3ms)[0m  [1m[34mSELECT pg_advisory_unlock(514700798867156580)[0m
  ↳ C:/Ruby25-x64/bin/rake:23
  [1m[35m (0.3ms)[0m  [1m[34mSELECT "schema_migrations"."version" FROM "schema_migrations" ORDER BY "schema_migrations"."version" ASC[0m
  ↳ C:/Ruby25-x64/bin/rake:23
  [1m[35m (0.7ms)[0m  [1m[34mSELECT "schema_migrations"."version" FROM "schema_migrations" ORDER BY "schema_migrations"."version" ASC[0m
  ↳ C:/Ruby25-x64/bin/rake:23
  [1m[35m (24.4ms)[0m  [1m[34mSELECT "ar_internal_metadata"."value" FROM "ar_internal_metadata" WHERE "ar_internal_metadata"."key" = $1[0m  [["key", "environment"]]
  ↳ C:/Ruby25-x64/bin/rake:23
  [1m[35m (0.3ms)[0m  [1m[34mSELECT "schema_migrations"."version" FROM "schema_migrations" ORDER BY "schema_migrations"."version" ASC[0m
  ↳ C:/Ruby25-x64/bin/rake:23
  [1m[35m (0.3ms)[0m  [1m[34mSELECT "ar_internal_metadata"."value" FROM "ar_internal_metadata" WHERE "ar_internal_metadata"."key" = $1[0m  [["key", "environment"]]
  ↳ C:/Ruby25-x64/bin/rake:23
  [1m[35m (0.3ms)[0m  [1m[34mSELECT "schema_migrations"."version" FROM "schema_migrations" ORDER BY "schema_migrations"."version" ASC[0m
  ↳ C:/Ruby25-x64/bin/rake:23
  [1m[35m (0.2ms)[0m  [1m[34mSELECT "ar_internal_metadata"."value" FROM "ar_internal_metadata" WHERE "ar_internal_metadata"."key" = $1[0m  [["key", "environment"]]
  ↳ C:/Ruby25-x64/bin/rake:23
  [1m[35m (5111.6ms)[0m  [1m[35mDROP DATABASE IF EXISTS "e-schop_development"[0m
  ↳ C:/Ruby25-x64/bin/rake:23
  [1m[35m (0.3ms)[0m  [1m[34mSELECT pg_try_advisory_lock(514700798867156580)[0m
  ↳ C:/Ruby25-x64/bin/rake:23
  [1m[35m (0.6ms)[0m  [1m[34mSELECT "schema_migrations"."version" FROM "schema_migrations" ORDER BY "schema_migrations"."version" ASC[0m
  ↳ C:/Ruby25-x64/bin/rake:23
  [1m[36mActiveRecord::InternalMetadata Load (0.4ms)[0m  [1m[34mSELECT  "ar_internal_metadata".* FROM "ar_internal_metadata" WHERE "ar_internal_metadata"."key" = $1 LIMIT $2[0m  [["key", "environment"], ["LIMIT", 1]]
  ↳ C:/Ruby25-x64/bin/rake:23
  [1m[35m (0.2ms)[0m  [1m[35mBEGIN[0m
  ↳ C:/Ruby25-x64/bin/rake:23
  [1m[35m (0.2ms)[0m  [1m[35mCOMMIT[0m
  ↳ C:/Ruby25-x64/bin/rake:23
  [1m[35m (0.2ms)[0m  [1m[34mSELECT pg_advisory_unlock(514700798867156580)[0m
  ↳ C:/Ruby25-x64/bin/rake:23
  [1m[35m (0.2ms)[0m  [1m[34mSELECT "schema_migrations"."version" FROM "schema_migrations" ORDER BY "schema_migrations"."version" ASC[0m
  ↳ C:/Ruby25-x64/bin/rake:23
  [1m[35m (0.7ms)[0m  [1m[34mSELECT "schema_migrations"."version" FROM "schema_migrations" ORDER BY "schema_migrations"."version" ASC[0m
  ↳ C:/Ruby25-x64/bin/rake:23
  [1m[35m (0.4ms)[0m  [1m[34mSELECT "ar_internal_metadata"."value" FROM "ar_internal_metadata" WHERE "ar_internal_metadata"."key" = $1[0m  [["key", "environment"]]
  ↳ C:/Ruby25-x64/bin/rake:23
  [1m[35m (0.3ms)[0m  [1m[34mSELECT "schema_migrations"."version" FROM "schema_migrations" ORDER BY "schema_migrations"."version" ASC[0m
  ↳ C:/Ruby25-x64/bin/rake:23
  [1m[35m (0.2ms)[0m  [1m[34mSELECT "ar_internal_metadata"."value" FROM "ar_internal_metadata" WHERE "ar_internal_metadata"."key" = $1[0m  [["key", "environment"]]
  ↳ C:/Ruby25-x64/bin/rake:23
  [1m[35m (0.2ms)[0m  [1m[34mSELECT "schema_migrations"."version" FROM "schema_migrations" ORDER BY "schema_migrations"."version" ASC[0m
  ↳ C:/Ruby25-x64/bin/rake:23
  [1m[35m (0.2ms)[0m  [1m[34mSELECT "ar_internal_metadata"."value" FROM "ar_internal_metadata" WHERE "ar_internal_metadata"."key" = $1[0m  [["key", "environment"]]
  ↳ C:/Ruby25-x64/bin/rake:23
  [1m[35m (5110.3ms)[0m  [1m[35mDROP DATABASE IF EXISTS "e-schop_development"[0m
  ↳ C:/Ruby25-x64/bin/rake:23
  [1m[35m (0.6ms)[0m  [1m[34mSELECT "schema_migrations"."version" FROM "schema_migrations" ORDER BY "schema_migrations"."version" ASC[0m
  ↳ C:/Ruby25-x64/bin/rake:23
  [1m[35m (0.4ms)[0m  [1m[34mSELECT "ar_internal_metadata"."value" FROM "ar_internal_metadata" WHERE "ar_internal_metadata"."key" = $1[0m  [["key", "environment"]]
  ↳ C:/Ruby25-x64/bin/rake:23
  [1m[35m (0.3ms)[0m  [1m[34mSELECT "schema_migrations"."version" FROM "schema_migrations" ORDER BY "schema_migrations"."version" ASC[0m
  ↳ C:/Ruby25-x64/bin/rake:23
  [1m[35m (0.2ms)[0m  [1m[34mSELECT "ar_internal_metadata"."value" FROM "ar_internal_metadata" WHERE "ar_internal_metadata"."key" = $1[0m  [["key", "environment"]]
  ↳ C:/Ruby25-x64/bin/rake:23
  [1m[35m (0.2ms)[0m  [1m[34mSELECT "schema_migrations"."version" FROM "schema_migrations" ORDER BY "schema_migrations"."version" ASC[0m
  ↳ C:/Ruby25-x64/bin/rake:23
  [1m[35m (0.2ms)[0m  [1m[34mSELECT "ar_internal_metadata"."value" FROM "ar_internal_metadata" WHERE "ar_internal_metadata"."key" = $1[0m  [["key", "environment"]]
  ↳ C:/Ruby25-x64/bin/rake:23
  [1m[35m (5093.8ms)[0m  [1m[35mDROP DATABASE IF EXISTS "e-schop_development"[0m
  ↳ C:/Ruby25-x64/bin/rake:23
  [1m[35m (0.6ms)[0m  [1m[34mSELECT "schema_migrations"."version" FROM "schema_migrations" ORDER BY "schema_migrations"."version" ASC[0m
  ↳ C:/Ruby25-x64/bin/rake:23
  [1m[35m (0.4ms)[0m  [1m[34mSELECT "ar_internal_metadata"."value" FROM "ar_internal_metadata" WHERE "ar_internal_metadata"."key" = $1[0m  [["key", "environment"]]
  ↳ C:/Ruby25-x64/bin/rake:23
  [1m[35m (0.3ms)[0m  [1m[34mSELECT "schema_migrations"."version" FROM "schema_migrations" ORDER BY "schema_migrations"."version" ASC[0m
  ↳ C:/Ruby25-x64/bin/rake:23
  [1m[35m (0.3ms)[0m  [1m[34mSELECT "ar_internal_metadata"."value" FROM "ar_internal_metadata" WHERE "ar_internal_metadata"."key" = $1[0m  [["key", "environment"]]
  ↳ C:/Ruby25-x64/bin/rake:23
  [1m[35m (0.3ms)[0m  [1m[34mSELECT "schema_migrations"."version" FROM "schema_migrations" ORDER BY "schema_migrations"."version" ASC[0m
  ↳ C:/Ruby25-x64/bin/rake:23
  [1m[35m (0.3ms)[0m  [1m[34mSELECT "ar_internal_metadata"."value" FROM "ar_internal_metadata" WHERE "ar_internal_metadata"."key" = $1[0m  [["key", "environment"]]
  ↳ C:/Ruby25-x64/bin/rake:23
  [1m[35m (232.5ms)[0m  [1m[35mDROP DATABASE IF EXISTS "e-schop_development"[0m
  ↳ C:/Ruby25-x64/bin/rake:23
  [1m[35m (232.2ms)[0m  [1m[35mDROP DATABASE IF EXISTS "e-schop_test"[0m
  ↳ C:/Ruby25-x64/bin/rake:23
  [1m[35m (3216.0ms)[0m  [1m[35mCREATE DATABASE "e-schop_development" ENCODING = 'unicode'[0m
  ↳ C:/Ruby25-x64/bin/rake:23
  [1m[35m (1754.9ms)[0m  [1m[35mCREATE DATABASE "e-schop_test" ENCODING = 'unicode'[0m
  ↳ C:/Ruby25-x64/bin/rake:23
  [1m[35mSQL (1.5ms)[0m  [1m[35mCREATE EXTENSION IF NOT EXISTS "plpgsql"[0m
  ↳ db/schema.rb:16
  [1m[35m (0.3ms)[0m  [1m[35mDROP TABLE IF EXISTS "categories" CASCADE[0m
  ↳ db/schema.rb:18
  [1m[35m (30.3ms)[0m  [1m[35mCREATE TABLE "categories" ("id" bigserial primary key, "name" character varying, "created_at" timestamp NOT NULL, "updated_at" timestamp NOT NULL)[0m
  ↳ db/schema.rb:18
  [1m[35m (1.2ms)[0m  [1m[35mDROP TABLE IF EXISTS "goods" CASCADE[0m
  ↳ db/schema.rb:24
  [1m[35m (18.6ms)[0m  [1m[35mCREATE TABLE "goods" ("id" bigserial primary key, "name" character varying, "price" integer, "description" text, "category" character varying, "seller_id" integer, "buyer_id" integer, "created_at" timestamp NOT NULL, "updated_at" timestamp NOT NULL)[0m
  ↳ db/schema.rb:24
  [1m[35m (1.4ms)[0m  [1m[35mDROP TABLE IF EXISTS "users" CASCADE[0m
  ↳ db/schema.rb:35
  [1m[35m (21.5ms)[0m  [1m[35mCREATE TABLE "users" ("id" bigserial primary key, "username" character varying, "password" character varying, "roomnumber" integer, "created_at" timestamp NOT NULL, "updated_at" timestamp NOT NULL)[0m
  ↳ db/schema.rb:35
  [1m[35m (17.4ms)[0m  [1m[35mCREATE TABLE "schema_migrations" ("version" character varying NOT NULL PRIMARY KEY)[0m
  ↳ db/schema.rb:13
  [1m[35m (0.7ms)[0m  [1m[34mSELECT "schema_migrations"."version" FROM "schema_migrations" ORDER BY "schema_migrations"."version" ASC[0m
  ↳ db/schema.rb:13
  [1m[35m (0.8ms)[0m  [1m[32mINSERT INTO "schema_migrations" (version) VALUES (20190410100706)[0m
  ↳ db/schema.rb:13
  [1m[35m (0.6ms)[0m  [1m[32mINSERT INTO "schema_migrations" (version) VALUES
(20190410092244),
(20190410092300);

[0m
  ↳ db/schema.rb:13
  [1m[35m (17.5ms)[0m  [1m[35mCREATE TABLE "ar_internal_metadata" ("key" character varying NOT NULL PRIMARY KEY, "value" character varying, "created_at" timestamp NOT NULL, "updated_at" timestamp NOT NULL)[0m
  ↳ db/schema.rb:13
  [1m[36mActiveRecord::InternalMetadata Load (0.5ms)[0m  [1m[34mSELECT  "ar_internal_metadata".* FROM "ar_internal_metadata" WHERE "ar_internal_metadata"."key" = $1 LIMIT $2[0m  [["key", "environment"], ["LIMIT", 1]]
  ↳ db/schema.rb:13
  [1m[35m (0.3ms)[0m  [1m[35mBEGIN[0m
  ↳ db/schema.rb:13
  [1m[36mActiveRecord::InternalMetadata Create (0.8ms)[0m  [1m[32mINSERT INTO "ar_internal_metadata" ("key", "value", "created_at", "updated_at") VALUES ($1, $2, $3, $4) RETURNING "key"[0m  [["key", "environment"], ["value", "development"], ["created_at", "2019-04-10 10:20:08.124374"], ["updated_at", "2019-04-10 10:20:08.124374"]]
  ↳ db/schema.rb:13
  [1m[35m (0.4ms)[0m  [1m[35mCOMMIT[0m
  ↳ db/schema.rb:13
  [1m[36mActiveRecord::InternalMetadata Load (0.3ms)[0m  [1m[34mSELECT  "ar_internal_metadata".* FROM "ar_internal_metadata" WHERE "ar_internal_metadata"."key" = $1 LIMIT $2[0m  [["key", "environment"], ["LIMIT", 1]]
  ↳ C:/Ruby25-x64/bin/rake:23
  [1m[35m (0.3ms)[0m  [1m[35mBEGIN[0m
  ↳ C:/Ruby25-x64/bin/rake:23
  [1m[35m (0.2ms)[0m  [1m[35mCOMMIT[0m
  ↳ C:/Ruby25-x64/bin/rake:23
  [1m[35mSQL (0.6ms)[0m  [1m[35mCREATE EXTENSION IF NOT EXISTS "plpgsql"[0m
  ↳ db/schema.rb:16
  [1m[35m (0.3ms)[0m  [1m[35mDROP TABLE IF EXISTS "categories" CASCADE[0m
  ↳ db/schema.rb:18
  [1m[35m (41.4ms)[0m  [1m[35mCREATE TABLE "categories" ("id" bigserial primary key, "name" character varying, "created_at" timestamp NOT NULL, "updated_at" timestamp NOT NULL)[0m
  ↳ db/schema.rb:18
  [1m[35m (1.4ms)[0m  [1m[35mDROP TABLE IF EXISTS "goods" CASCADE[0m
  ↳ db/schema.rb:24
  [1m[35m (18.7ms)[0m  [1m[35mCREATE TABLE "goods" ("id" bigserial primary key, "name" character varying, "price" integer, "description" text, "category" character varying, "seller_id" integer, "buyer_id" integer, "created_at" timestamp NOT NULL, "updated_at" timestamp NOT NULL)[0m
  ↳ db/schema.rb:24
  [1m[35m (1.3ms)[0m  [1m[35mDROP TABLE IF EXISTS "users" CASCADE[0m
  ↳ db/schema.rb:35
  [1m[35m (19.7ms)[0m  [1m[35mCREATE TABLE "users" ("id" bigserial primary key, "username" character varying, "password" character varying, "roomnumber" integer, "created_at" timestamp NOT NULL, "updated_at" timestamp NOT NULL)[0m
  ↳ db/schema.rb:35
  [1m[35m (18.7ms)[0m  [1m[35mCREATE TABLE "schema_migrations" ("version" character varying NOT NULL PRIMARY KEY)[0m
  ↳ db/schema.rb:13
  [1m[35m (0.8ms)[0m  [1m[34mSELECT "schema_migrations"."version" FROM "schema_migrations" ORDER BY "schema_migrations"."version" ASC[0m
  ↳ db/schema.rb:13
  [1m[35m (0.8ms)[0m  [1m[32mINSERT INTO "schema_migrations" (version) VALUES (20190410100706)[0m
  ↳ db/schema.rb:13
  [1m[35m (0.5ms)[0m  [1m[32mINSERT INTO "schema_migrations" (version) VALUES
(20190410092244),
(20190410092300);

[0m
  ↳ db/schema.rb:13
  [1m[35m (19.2ms)[0m  [1m[35mCREATE TABLE "ar_internal_metadata" ("key" character varying NOT NULL PRIMARY KEY, "value" character varying, "created_at" timestamp NOT NULL, "updated_at" timestamp NOT NULL)[0m
  ↳ db/schema.rb:13
  [1m[36mActiveRecord::InternalMetadata Load (0.5ms)[0m  [1m[34mSELECT  "ar_internal_metadata".* FROM "ar_internal_metadata" WHERE "ar_internal_metadata"."key" = $1 LIMIT $2[0m  [["key", "environment"], ["LIMIT", 1]]
  ↳ db/schema.rb:13
  [1m[35m (0.2ms)[0m  [1m[35mBEGIN[0m
  ↳ db/schema.rb:13
  [1m[36mActiveRecord::InternalMetadata Create (0.7ms)[0m  [1m[32mINSERT INTO "ar_internal_metadata" ("key", "value", "created_at", "updated_at") VALUES ($1, $2, $3, $4) RETURNING "key"[0m  [["key", "environment"], ["value", "development"], ["created_at", "2019-04-10 10:20:08.460485"], ["updated_at", "2019-04-10 10:20:08.460485"]]
  ↳ db/schema.rb:13
  [1m[35m (0.3ms)[0m  [1m[35mCOMMIT[0m
  ↳ db/schema.rb:13
  [1m[36mActiveRecord::InternalMetadata Load (0.3ms)[0m  [1m[34mSELECT  "ar_internal_metadata".* FROM "ar_internal_metadata" WHERE "ar_internal_metadata"."key" = $1 LIMIT $2[0m  [["key", "environment"], ["LIMIT", 1]]
  ↳ C:/Ruby25-x64/bin/rake:23
  [1m[35m (0.2ms)[0m  [1m[35mBEGIN[0m
  ↳ C:/Ruby25-x64/bin/rake:23
  [1m[36mActiveRecord::InternalMetadata Update (0.4ms)[0m  [1m[33mUPDATE "ar_internal_metadata" SET "value" = $1, "updated_at" = $2 WHERE "ar_internal_metadata"."key" = $3[0m  [["value", "test"], ["updated_at", "2019-04-10 10:20:08.464792"], ["key", "environment"]]
  ↳ C:/Ruby25-x64/bin/rake:23
  [1m[35m (0.3ms)[0m  [1m[35mCOMMIT[0m
  ↳ C:/Ruby25-x64/bin/rake:23
  [1m[35m (0.7ms)[0m  [1m[34mSELECT "schema_migrations"."version" FROM "schema_migrations" ORDER BY "schema_migrations"."version" ASC[0m
  ↳ C:/Ruby25-x64/bin/rake:23
  [1m[35m (0.6ms)[0m  [1m[34mSELECT "schema_migrations"."version" FROM "schema_migrations" ORDER BY "schema_migrations"."version" ASC[0m
  ↳ C:/Ruby25-x64/bin/rake:23
  [1m[35m (0.4ms)[0m  [1m[34mSELECT "ar_internal_metadata"."value" FROM "ar_internal_metadata" WHERE "ar_internal_metadata"."key" = $1[0m  [["key", "environment"]]
  ↳ C:/Ruby25-x64/bin/rake:23
  [1m[35m (0.2ms)[0m  [1m[34mSELECT "schema_migrations"."version" FROM "schema_migrations" ORDER BY "schema_migrations"."version" ASC[0m
  ↳ C:/Ruby25-x64/bin/rake:23
  [1m[35m (0.2ms)[0m  [1m[34mSELECT "ar_internal_metadata"."value" FROM "ar_internal_metadata" WHERE "ar_internal_metadata"."key" = $1[0m  [["key", "environment"]]
  ↳ C:/Ruby25-x64/bin/rake:23
  [1m[35m (0.2ms)[0m  [1m[34mSELECT "schema_migrations"."version" FROM "schema_migrations" ORDER BY "schema_migrations"."version" ASC[0m
  ↳ C:/Ruby25-x64/bin/rake:23
  [1m[35m (0.2ms)[0m  [1m[34mSELECT "ar_internal_metadata"."value" FROM "ar_internal_metadata" WHERE "ar_internal_metadata"."key" = $1[0m  [["key", "environment"]]
  ↳ C:/Ruby25-x64/bin/rake:23
  [1m[35m (5108.0ms)[0m  [1m[35mDROP DATABASE IF EXISTS "e-schop_development"[0m
  ↳ C:/Ruby25-x64/bin/rake:23
  [1m[35m (0.6ms)[0m  [1m[34mSELECT "schema_migrations"."version" FROM "schema_migrations" ORDER BY "schema_migrations"."version" ASC[0m
  ↳ C:/Ruby25-x64/bin/rake:23
  [1m[35m (0.4ms)[0m  [1m[34mSELECT "ar_internal_metadata"."value" FROM "ar_internal_metadata" WHERE "ar_internal_metadata"."key" = $1[0m  [["key", "environment"]]
  ↳ C:/Ruby25-x64/bin/rake:23
  [1m[35m (0.2ms)[0m  [1m[34mSELECT "schema_migrations"."version" FROM "schema_migrations" ORDER BY "schema_migrations"."version" ASC[0m
  ↳ C:/Ruby25-x64/bin/rake:23
  [1m[35m (0.2ms)[0m  [1m[34mSELECT "ar_internal_metadata"."value" FROM "ar_internal_metadata" WHERE "ar_internal_metadata"."key" = $1[0m  [["key", "environment"]]
  ↳ C:/Ruby25-x64/bin/rake:23
  [1m[35m (0.2ms)[0m  [1m[34mSELECT "schema_migrations"."version" FROM "schema_migrations" ORDER BY "schema_migrations"."version" ASC[0m
  ↳ C:/Ruby25-x64/bin/rake:23
  [1m[35m (0.2ms)[0m  [1m[34mSELECT "ar_internal_metadata"."value" FROM "ar_internal_metadata" WHERE "ar_internal_metadata"."key" = $1[0m  [["key", "environment"]]
  ↳ C:/Ruby25-x64/bin/rake:23
  [1m[35m (513.5ms)[0m  [1m[35mDROP DATABASE IF EXISTS "e-schop_development"[0m
  ↳ C:/Ruby25-x64/bin/rake:23
  [1m[35m (183.8ms)[0m  [1m[35mDROP DATABASE IF EXISTS "e-schop_test"[0m
  ↳ C:/Ruby25-x64/bin/rake:23
  [1m[35m (1613.5ms)[0m  [1m[35mCREATE DATABASE "e-schop_development" ENCODING = 'unicode'[0m
  ↳ C:/Ruby25-x64/bin/rake:23
  [1m[35m (1711.9ms)[0m  [1m[35mCREATE DATABASE "e-schop_test" ENCODING = 'unicode'[0m
  ↳ C:/Ruby25-x64/bin/rake:23
  [1m[35m (27.0ms)[0m  [1m[35mCREATE TABLE "schema_migrations" ("version" character varying NOT NULL PRIMARY KEY)[0m
  ↳ C:/Ruby25-x64/bin/rake:23
  [1m[35m (18.5ms)[0m  [1m[35mCREATE TABLE "ar_internal_metadata" ("key" character varying NOT NULL PRIMARY KEY, "value" character varying, "created_at" timestamp NOT NULL, "updated_at" timestamp NOT NULL)[0m
  ↳ C:/Ruby25-x64/bin/rake:23
  [1m[35m (0.3ms)[0m  [1m[34mSELECT pg_try_advisory_lock(514700798867156580)[0m
  ↳ C:/Ruby25-x64/bin/rake:23
  [1m[35m (0.5ms)[0m  [1m[34mSELECT "schema_migrations"."version" FROM "schema_migrations" ORDER BY "schema_migrations"."version" ASC[0m
  ↳ C:/Ruby25-x64/bin/rake:23
Migrating to CreateUsers (20190410092244)
  [1m[35m (0.2ms)[0m  [1m[35mBEGIN[0m
  ↳ C:/Ruby25-x64/bin/rake:23
  [1m[35m (18.8ms)[0m  [1m[35mCREATE TABLE "users" ("id" bigserial primary key, "username" character varying, "password" character varying, "roomnumber" integer, "created_at" timestamp NOT NULL, "updated_at" timestamp NOT NULL)[0m
  ↳ db/migrate/20190410092244_create_users.rb:3
  [1m[36mActiveRecord::SchemaMigration Create (0.7ms)[0m  [1m[32mINSERT INTO "schema_migrations" ("version") VALUES ($1) RETURNING "version"[0m  [["version", "20190410092244"]]
  ↳ C:/Ruby25-x64/bin/rake:23
  [1m[35m (0.4ms)[0m  [1m[35mCOMMIT[0m
  ↳ C:/Ruby25-x64/bin/rake:23
Migrating to CreateGoods (20190410092300)
  [1m[35m (1.4ms)[0m  [1m[35mBEGIN[0m
  ↳ C:/Ruby25-x64/bin/rake:23
  [1m[35m (17.7ms)[0m  [1m[35mCREATE TABLE "goods" ("id" bigserial primary key, "name" character varying, "price" integer, "description" text, "category_id" integer, "seller_id" integer, "buyer_id" integer, "created_at" timestamp NOT NULL, "updated_at" timestamp NOT NULL)[0m
  ↳ db/migrate/20190410092300_create_goods.rb:3
  [1m[36mActiveRecord::SchemaMigration Create (0.3ms)[0m  [1m[32mINSERT INTO "schema_migrations" ("version") VALUES ($1) RETURNING "version"[0m  [["version", "20190410092300"]]
  ↳ C:/Ruby25-x64/bin/rake:23
  [1m[35m (0.7ms)[0m  [1m[35mCOMMIT[0m
  ↳ C:/Ruby25-x64/bin/rake:23
Migrating to CreateCategories (20190410100706)
  [1m[35m (1.1ms)[0m  [1m[35mBEGIN[0m
  ↳ C:/Ruby25-x64/bin/rake:23
  [1m[35m (17.1ms)[0m  [1m[35mCREATE TABLE "categories" ("id" bigserial primary key, "name" character varying, "created_at" timestamp NOT NULL, "updated_at" timestamp NOT NULL)[0m
  ↳ db/migrate/20190410100706_create_categories.rb:3
  [1m[36mCategory Create (0.8ms)[0m  [1m[32mINSERT INTO "categories" ("name", "created_at", "updated_at") VALUES ($1, $2, $3) RETURNING "id"[0m  [["name", "Kaja"], ["created_at", "2019-04-10 10:25:35.557648"], ["updated_at", "2019-04-10 10:25:35.557648"]]
  ↳ db/migrate/20190410100706_create_categories.rb:7
  [1m[36mCategory Create (0.4ms)[0m  [1m[32mINSERT INTO "categories" ("name", "created_at", "updated_at") VALUES ($1, $2, $3) RETURNING "id"[0m  [["name", "Ital"], ["created_at", "2019-04-10 10:25:35.559786"], ["updated_at", "2019-04-10 10:25:35.559786"]]
  ↳ db/migrate/20190410100706_create_categories.rb:8
  [1m[36mCategory Create (0.4ms)[0m  [1m[32mINSERT INTO "categories" ("name", "created_at", "updated_at") VALUES ($1, $2, $3) RETURNING "id"[0m  [["name", "Stb"], ["created_at", "2019-04-10 10:25:35.561299"], ["updated_at", "2019-04-10 10:25:35.561299"]]
  ↳ db/migrate/20190410100706_create_categories.rb:9
  [1m[36mActiveRecord::SchemaMigration Create (0.3ms)[0m  [1m[32mINSERT INTO "schema_migrations" ("version") VALUES ($1) RETURNING "version"[0m  [["version", "20190410100706"]]
  ↳ C:/Ruby25-x64/bin/rake:23
  [1m[35m (0.6ms)[0m  [1m[35mCOMMIT[0m
  ↳ C:/Ruby25-x64/bin/rake:23
  [1m[36mActiveRecord::InternalMetadata Load (0.4ms)[0m  [1m[34mSELECT  "ar_internal_metadata".* FROM "ar_internal_metadata" WHERE "ar_internal_metadata"."key" = $1 LIMIT $2[0m  [["key", "environment"], ["LIMIT", 1]]
  ↳ C:/Ruby25-x64/bin/rake:23
  [1m[35m (0.2ms)[0m  [1m[35mBEGIN[0m
  ↳ C:/Ruby25-x64/bin/rake:23
  [1m[36mActiveRecord::InternalMetadata Create (0.5ms)[0m  [1m[32mINSERT INTO "ar_internal_metadata" ("key", "value", "created_at", "updated_at") VALUES ($1, $2, $3, $4) RETURNING "key"[0m  [["key", "environment"], ["value", "development"], ["created_at", "2019-04-10 10:25:35.581729"], ["updated_at", "2019-04-10 10:25:35.581729"]]
  ↳ C:/Ruby25-x64/bin/rake:23
  [1m[35m (0.4ms)[0m  [1m[35mCOMMIT[0m
  ↳ C:/Ruby25-x64/bin/rake:23
  [1m[35m (0.2ms)[0m  [1m[34mSELECT pg_advisory_unlock(514700798867156580)[0m
  ↳ C:/Ruby25-x64/bin/rake:23
  [1m[35m (0.4ms)[0m  [1m[34mSELECT "schema_migrations"."version" FROM "schema_migrations" ORDER BY "schema_migrations"."version" ASC[0m
  ↳ C:/Ruby25-x64/bin/rake:23
Started GET "/" for ::1 at 2019-04-10 12:39:10 +0200
  [1m[35m (0.7ms)[0m  [1m[34mSELECT "schema_migrations"."version" FROM "schema_migrations" ORDER BY "schema_migrations"."version" ASC[0m
  ↳ C:/Ruby25-x64/lib/ruby/gems/2.5.0/gems/activerecord-5.2.3/lib/active_record/log_subscriber.rb:98
Processing by EschopController#index as HTML
  Rendering eschop/index.html.erb within layouts/application
  Rendered eschop/index.html.erb within layouts/application (3.2ms)
Completed 200 OK in 1049ms (Views: 1024.1ms | ActiveRecord: 0.0ms)


Started GET "/" for ::1 at 2019-04-10 12:40:58 +0200
Processing by EschopController#index as HTML
  Rendering eschop/index.html.erb within layouts/application
  Rendered eschop/index.html.erb within layouts/application (0.5ms)
Completed 200 OK in 138ms (Views: 109.8ms | ActiveRecord: 0.0ms)


Started GET "/" for ::1 at 2019-04-10 12:49:07 +0200
  
SyntaxError (C:/Users/akos/rails/github/e-schop/e-schop/config/routes.rb:5: syntax error, unexpected ':', expecting keyword_end
  get '/list' :action => 'eschop#list'
              ^):
  
config/routes.rb:5: syntax error, unexpected ':', expecting keyword_end
Started GET "/" for ::1 at 2019-04-10 12:50:36 +0200
Processing by EschopController#index as HTML
  Rendering eschop/index.html.erb within layouts/application
  Rendered eschop/index.html.erb within layouts/application (0.6ms)
Completed 500 Internal Server Error in 89ms (ActiveRecord: 0.0ms)


  
SyntaxError (C:/Users/akos/rails/github/e-schop/e-schop/app/views/eschop/index.html.erb:3: syntax error, unexpected ':', expecting ')'
...ffer.append=( link_to "Lista" :action => 'list' );
...                              ^):
  
app/views/eschop/index.html.erb:3: syntax error, unexpected ':', expecting ')'
Started GET "/" for ::1 at 2019-04-10 12:52:10 +0200
Processing by EschopController#index as HTML
  Rendering eschop/index.html.erb within layouts/application
  Rendered eschop/index.html.erb within layouts/application (0.9ms)
Completed 200 OK in 140ms (Views: 110.8ms | ActiveRecord: 0.0ms)


Started GET "/list" for ::1 at 2019-04-10 12:52:13 +0200
Processing by EschopController#list as HTML
  Rendering eschop/list.html.erb within layouts/application
  [1m[36mGood Load (1.0ms)[0m  [1m[34mSELECT "goods".* FROM "goods"[0m
  ↳ app/views/eschop/list.html.erb:3
  Rendered eschop/list.html.erb within layouts/application (29.0ms)
Completed 200 OK in 171ms (Views: 102.5ms | ActiveRecord: 10.9ms)


Started GET "/list" for ::1 at 2019-04-10 12:52:35 +0200
Processing by EschopController#list as HTML
  Rendering eschop/list.html.erb within layouts/application
  [1m[36mGood Load (0.4ms)[0m  [1m[34mSELECT "goods".* FROM "goods"[0m
  ↳ app/views/eschop/list.html.erb:3
  Rendered eschop/list.html.erb within layouts/application (3.8ms)
Completed 200 OK in 114ms (Views: 92.1ms | ActiveRecord: 0.4ms)


Started GET "/list" for ::1 at 2019-04-10 12:53:40 +0200
Processing by EschopController#list as HTML
  Rendering eschop/list.html.erb within layouts/application
  [1m[36mGood Load (0.4ms)[0m  [1m[34mSELECT "goods".* FROM "goods"[0m
  ↳ app/views/eschop/list.html.erb:3
  Rendered eschop/list.html.erb within layouts/application (3.0ms)
Completed 200 OK in 121ms (Views: 97.0ms | ActiveRecord: 0.4ms)


Started GET "/" for ::1 at 2019-04-10 12:53:44 +0200
Processing by EschopController#index as HTML
  Rendering eschop/index.html.erb within layouts/application
  Rendered eschop/index.html.erb within layouts/application (0.5ms)
Completed 200 OK in 108ms (Views: 88.0ms | ActiveRecord: 0.0ms)


Started GET "/list" for ::1 at 2019-04-10 12:53:45 +0200
Processing by EschopController#list as HTML
  Rendering eschop/list.html.erb within layouts/application
  [1m[36mGood Load (0.4ms)[0m  [1m[34mSELECT "goods".* FROM "goods"[0m
  ↳ app/views/eschop/list.html.erb:3
  Rendered eschop/list.html.erb within layouts/application (3.2ms)
Completed 200 OK in 108ms (Views: 87.7ms | ActiveRecord: 0.4ms)


Started GET "/" for ::1 at 2019-04-10 13:00:46 +0200
  [1m[35m (8.9ms)[0m  [1m[34mSELECT "schema_migrations"."version" FROM "schema_migrations" ORDER BY "schema_migrations"."version" ASC[0m
  ↳ C:/Ruby25-x64/lib/ruby/gems/2.5.0/gems/activerecord-5.2.3/lib/active_record/log_subscriber.rb:98
Processing by EschopController#index as HTML
  Rendering eschop/index.html.erb within layouts/application
  Rendered eschop/index.html.erb within layouts/application (6.5ms)
Completed 200 OK in 389ms (Views: 363.9ms | ActiveRecord: 0.0ms)


Started GET "/list" for ::1 at 2019-04-10 13:00:49 +0200
Processing by EschopController#list as HTML
  Rendering eschop/list.html.erb within layouts/application
  [1m[36mGood Load (0.7ms)[0m  [1m[34mSELECT "goods".* FROM "goods"[0m
  ↳ app/views/eschop/list.html.erb:3
  Rendered eschop/list.html.erb within layouts/application (18.2ms)
Completed 200 OK in 152ms (Views: 111.1ms | ActiveRecord: 4.6ms)


Started GET "/" for ::1 at 2019-04-10 17:27:34 +0200
  [1m[35m (8.5ms)[0m  [1m[34mSELECT "schema_migrations"."version" FROM "schema_migrations" ORDER BY "schema_migrations"."version" ASC[0m
  ↳ C:/Ruby25-x64/lib/ruby/gems/2.5.0/gems/activerecord-5.2.3/lib/active_record/log_subscriber.rb:98
Processing by EschopController#index as HTML
  Rendering eschop/index.html.erb within layouts/application
  Rendered eschop/index.html.erb within layouts/application (5.6ms)
Completed 200 OK in 546ms (Views: 520.0ms | ActiveRecord: 0.0ms)


Started GET "/list" for ::1 at 2019-04-10 17:27:56 +0200
Processing by EschopController#list as HTML
  Rendering eschop/list.html.erb within layouts/application
  [1m[36mGood Load (14.8ms)[0m  [1m[34mSELECT "goods".* FROM "goods"[0m
  ↳ app/views/eschop/list.html.erb:3
  Rendered eschop/list.html.erb within layouts/application (50.8ms)
Completed 200 OK in 189ms (Views: 98.6ms | ActiveRecord: 37.3ms)


Started GET "/list" for ::1 at 2019-04-10 17:29:54 +0200
Processing by EschopController#list as HTML
  Rendering eschop/list.html.erb within layouts/application
  [1m[36mGood Load (0.4ms)[0m  [1m[34mSELECT "goods".* FROM "goods"[0m
  ↳ app/views/eschop/list.html.erb:3
  Rendered eschop/list.html.erb within layouts/application (4.0ms)
Completed 200 OK in 134ms (Views: 114.3ms | ActiveRecord: 0.4ms)


Started GET "/list" for ::1 at 2019-04-10 17:31:25 +0200
Processing by EschopController#list as HTML
  Rendering eschop/list.html.erb within layouts/application
  [1m[36mGood Load (0.4ms)[0m  [1m[34mSELECT "goods".* FROM "goods"[0m
  ↳ app/views/eschop/list.html.erb:3
  Rendered eschop/list.html.erb within layouts/application (3.3ms)
Completed 200 OK in 96ms (Views: 78.0ms | ActiveRecord: 0.4ms)


